
*** Running vivado
    with args -log top_demo.vds -m64 -product Vivado -mode batch -messageDb vivado.pb -notrace -source top_demo.tcl



****** Vivado v2022.2 (64-bit)
  **** SW Build 3671981 on Fri Oct 14 05:00:03 MDT 2022
  **** IP Build 3669848 on Fri Oct 14 08:30:02 MDT 2022
    ** Copyright 1986-2022 Xilinx, Inc. All Rights Reserved.

source top_demo.tcl -notrace
Command: synth_design -top top_demo -part xc7z020clg484-1
Starting synth_design
Attempting to get a license for feature 'Synthesis' and/or device 'xc7z020'
INFO: [Common 17-349] Got license for feature 'Synthesis' and/or device 'xc7z020'
INFO: [Device 21-403] Loading part xc7z020clg484-1
INFO: [Synth 8-7079] Multithreading enabled for synth_design using a maximum of 2 processes.
INFO: [Synth 8-7078] Launching helper process for spawning children vivado processes
INFO: [Synth 8-7075] Helper process launched with PID 12060
INFO: [Synth 8-11241] undeclared symbol 'REGCCE', assumed default net type 'wire' [C:/Xilinx/Vivado/2022.2/data/verilog/src/unimacro/BRAM_SINGLE_MACRO.v:2170]
WARNING: [Synth 8-11014] non-net output port 'clk_audio_counter_wrap' cannot be initialized at declaration in SystemVerilog mode [C:/DLD/dldfall2022/Project/Vivado/Project/Project.srcs/sources_1/imports/dldfall22proj/ProjectHDMI/hdmi_working/audio_clock_regeneration_packet.sv:13]
WARNING: [Synth 8-9694] invalid size of integer constant literal [C:/DLD/dldfall2022/Project/Vivado/Project/Project.srcs/sources_1/new/controller.sv:68]
WARNING: [Synth 8-11014] non-net output port 'cx' cannot be initialized at declaration in SystemVerilog mode [C:/DLD/dldfall2022/Project/Vivado/Project/Project.srcs/sources_1/imports/dldfall22proj/ProjectHDMI/hdmi_working/hdmi.sv:81]
WARNING: [Synth 8-11014] non-net output port 'cy' cannot be initialized at declaration in SystemVerilog mode [C:/DLD/dldfall2022/Project/Vivado/Project/Project.srcs/sources_1/imports/dldfall22proj/ProjectHDMI/hdmi_working/hdmi.sv:82]
WARNING: [Synth 8-11014] non-net output port 'counter' cannot be initialized at declaration in SystemVerilog mode [C:/DLD/dldfall2022/Project/Vivado/Project/Project.srcs/sources_1/imports/dldfall22proj/ProjectHDMI/hdmi_working/packet_assembler.sv:11]
WARNING: [Synth 8-9661] initial value of parameter 'VIDEO_RATE' is omitted [C:/DLD/dldfall2022/Project/Vivado/Project/Project.srcs/sources_1/imports/dldfall22proj/ProjectHDMI/hdmi_working/serializer.sv:4]
WARNING: [Synth 8-11014] non-net output port 'tmds' cannot be initialized at declaration in SystemVerilog mode [C:/DLD/dldfall2022/Project/Vivado/Project/Project.srcs/sources_1/imports/dldfall22proj/ProjectHDMI/hdmi_working/tmds_channel.sv:16]
---------------------------------------------------------------------------------
Starting RTL Elaboration : Time (s): cpu = 00:00:06 ; elapsed = 00:00:06 . Memory (MB): peak = 1230.570 ; gain = 407.672
---------------------------------------------------------------------------------
INFO: [Synth 8-6157] synthesizing module 'top_demo' [C:/DLD/dldfall2022/Project/Vivado/Project/Project.srcs/sources_1/new/top_demo.sv:23]
INFO: [Synth 8-6157] synthesizing module 'gameoflife' [C:/DLD/dldfall2022/Project/Vivado/Project/Project.srcs/sources_1/new/gameoflife.sv:34]
INFO: [Synth 8-6157] synthesizing module 'controller' [C:/DLD/dldfall2022/Project/Vivado/Project/Project.srcs/sources_1/new/controller.sv:36]
INFO: [Synth 8-6155] done synthesizing module 'controller' (0#1) [C:/DLD/dldfall2022/Project/Vivado/Project/Project.srcs/sources_1/new/controller.sv:36]
INFO: [Synth 8-6157] synthesizing module 'clk_div' [C:/DLD/dldfall2022/Project/Vivado/Project/Project.srcs/sources_1/new/gameoflife.sv:19]
INFO: [Synth 8-6155] done synthesizing module 'clk_div' (0#1) [C:/DLD/dldfall2022/Project/Vivado/Project/Project.srcs/sources_1/new/gameoflife.sv:19]
INFO: [Synth 8-6157] synthesizing module 'datapath' [C:/DLD/dldfall2022/Project/Vivado/Project/Project.srcs/sources_1/new/datapath.sv:15]
INFO: [Synth 8-6157] synthesizing module 'evolve3' [C:/DLD/dldfall2022/Project/Vivado/Project/Project.srcs/sources_1/new/datapath.sv:97]
INFO: [Synth 8-6157] synthesizing module 'rules' [C:/DLD/dldfall2022/Project/Vivado/Project/Project.srcs/sources_1/new/datapath.sv:156]
INFO: [Synth 8-6155] done synthesizing module 'rules' (0#1) [C:/DLD/dldfall2022/Project/Vivado/Project/Project.srcs/sources_1/new/datapath.sv:156]
INFO: [Synth 8-6155] done synthesizing module 'evolve3' (0#1) [C:/DLD/dldfall2022/Project/Vivado/Project/Project.srcs/sources_1/new/datapath.sv:97]
INFO: [Synth 8-6157] synthesizing module 'evolve5' [C:/DLD/dldfall2022/Project/Vivado/Project/Project.srcs/sources_1/new/datapath.sv:112]
INFO: [Synth 8-6155] done synthesizing module 'evolve5' (0#1) [C:/DLD/dldfall2022/Project/Vivado/Project/Project.srcs/sources_1/new/datapath.sv:112]
INFO: [Synth 8-6157] synthesizing module 'evolve8' [C:/DLD/dldfall2022/Project/Vivado/Project/Project.srcs/sources_1/new/datapath.sv:131]
INFO: [Synth 8-6155] done synthesizing module 'evolve8' (0#1) [C:/DLD/dldfall2022/Project/Vivado/Project/Project.srcs/sources_1/new/datapath.sv:131]
INFO: [Synth 8-6155] done synthesizing module 'datapath' (0#1) [C:/DLD/dldfall2022/Project/Vivado/Project/Project.srcs/sources_1/new/datapath.sv:15]
INFO: [Synth 8-6155] done synthesizing module 'gameoflife' (0#1) [C:/DLD/dldfall2022/Project/Vivado/Project/Project.srcs/sources_1/new/gameoflife.sv:34]
INFO: [Synth 8-6157] synthesizing module 'hdmi_top' [C:/DLD/dldfall2022/Project/Vivado/Project/Project.srcs/sources_1/imports/dldfall22proj/ProjectHDMI/hdmi_working/hdmi_top.sv:1]
INFO: [Synth 8-6157] synthesizing module 'OBUFDS' [C:/Xilinx/Vivado/2022.2/scripts/rt/data/unisim_comp.v:90676]
	Parameter IOSTANDARD bound to: TMDS_33 - type: string 
INFO: [Synth 8-6155] done synthesizing module 'OBUFDS' (0#1) [C:/Xilinx/Vivado/2022.2/scripts/rt/data/unisim_comp.v:90676]
INFO: [Synth 8-6157] synthesizing module 'hdmi_pll_xilinx' [C:/DLD/dldfall2022/Project/Vivado/Project/Project.srcs/sources_1/imports/dldfall22proj/ProjectHDMI/hdmi_working/pll.sv:3]
INFO: [Synth 8-6157] synthesizing module 'MMCME2_ADV' [C:/Xilinx/Vivado/2022.2/scripts/rt/data/unisim_comp.v:79852]
	Parameter BANDWIDTH bound to: OPTIMIZED - type: string 
	Parameter CLKFBOUT_MULT_F bound to: 37.125000 - type: double 
	Parameter CLKFBOUT_PHASE bound to: 0.000000 - type: double 
	Parameter CLKFBOUT_USE_FINE_PS bound to: FALSE - type: string 
	Parameter CLKIN1_PERIOD bound to: 10.000000 - type: double 
	Parameter CLKOUT0_DIVIDE_F bound to: 10.000000 - type: double 
	Parameter CLKOUT0_DUTY_CYCLE bound to: 0.500000 - type: double 
	Parameter CLKOUT0_PHASE bound to: 0.000000 - type: double 
	Parameter CLKOUT0_USE_FINE_PS bound to: FALSE - type: string 
	Parameter CLKOUT1_DIVIDE bound to: 2 - type: integer 
	Parameter CLKOUT1_DUTY_CYCLE bound to: 0.500000 - type: double 
	Parameter CLKOUT1_PHASE bound to: 0.000000 - type: double 
	Parameter CLKOUT1_USE_FINE_PS bound to: FALSE - type: string 
	Parameter CLKOUT4_CASCADE bound to: FALSE - type: string 
	Parameter COMPENSATION bound to: ZHOLD - type: string 
	Parameter DIVCLK_DIVIDE bound to: 5 - type: integer 
	Parameter STARTUP_WAIT bound to: FALSE - type: string 
INFO: [Synth 8-6155] done synthesizing module 'MMCME2_ADV' (0#1) [C:/Xilinx/Vivado/2022.2/scripts/rt/data/unisim_comp.v:79852]
INFO: [Synth 8-6157] synthesizing module 'BUFG' [C:/Xilinx/Vivado/2022.2/scripts/rt/data/unisim_comp.v:1082]
INFO: [Synth 8-6155] done synthesizing module 'BUFG' (0#1) [C:/Xilinx/Vivado/2022.2/scripts/rt/data/unisim_comp.v:1082]
INFO: [Synth 8-6155] done synthesizing module 'hdmi_pll_xilinx' (0#1) [C:/DLD/dldfall2022/Project/Vivado/Project/Project.srcs/sources_1/imports/dldfall22proj/ProjectHDMI/hdmi_working/pll.sv:3]
INFO: [Synth 8-6157] synthesizing module 'hdmi' [C:/DLD/dldfall2022/Project/Vivado/Project/Project.srcs/sources_1/imports/dldfall22proj/ProjectHDMI/hdmi_working/hdmi.sv:4]
	Parameter VIDEO_ID_CODE bound to: 32'sb00000000000000000000000000000100 
	Parameter VIDEO_REFRESH_RATE bound to: 60.000000 - type: double 
	Parameter AUDIO_RATE bound to: 48000 - type: integer 
	Parameter AUDIO_BIT_WIDTH bound to: 16 - type: integer 
INFO: [Synth 8-6157] synthesizing module 'packet_picker' [C:/DLD/dldfall2022/Project/Vivado/Project/Project.srcs/sources_1/imports/dldfall22proj/ProjectHDMI/hdmi_working/packet_picker.sv:4]
	Parameter VIDEO_ID_CODE bound to: 32'sb00000000000000000000000000000100 
	Parameter VIDEO_RATE bound to: 74250000.000000 - type: double 
	Parameter IT_CONTENT bound to: 1'b1 
	Parameter AUDIO_BIT_WIDTH bound to: 16 - type: integer 
	Parameter AUDIO_RATE bound to: 48000 - type: integer 
	Parameter VENDOR_NAME bound to: 64'b0101010101101110011010110110111001101111011101110110111000000000 
	Parameter PRODUCT_DESCRIPTION bound to: 128'b01000110010100000100011101000001000000000000000000000000000000000000000000000000000000000000000000000000000000000000000000000000 
	Parameter SOURCE_DEVICE_INFORMATION bound to: 8'b00000000 
INFO: [Synth 8-6157] synthesizing module 'audio_clock_regeneration_packet' [C:/DLD/dldfall2022/Project/Vivado/Project/Project.srcs/sources_1/imports/dldfall22proj/ProjectHDMI/hdmi_working/audio_clock_regeneration_packet.sv:5]
	Parameter VIDEO_RATE bound to: 74250000.000000 - type: double 
	Parameter AUDIO_RATE bound to: 48000 - type: integer 
INFO: [Synth 8-6155] done synthesizing module 'audio_clock_regeneration_packet' (0#1) [C:/DLD/dldfall2022/Project/Vivado/Project/Project.srcs/sources_1/imports/dldfall22proj/ProjectHDMI/hdmi_working/audio_clock_regeneration_packet.sv:5]
INFO: [Synth 8-6157] synthesizing module 'audio_sample_packet' [C:/DLD/dldfall2022/Project/Vivado/Project/Project.srcs/sources_1/imports/dldfall22proj/ProjectHDMI/hdmi_working/audio_sample_packet.sv:8]
	Parameter SAMPLING_FREQUENCY bound to: 4'b0010 
	Parameter WORD_LENGTH bound to: 4'b0010 
INFO: [Synth 8-6155] done synthesizing module 'audio_sample_packet' (0#1) [C:/DLD/dldfall2022/Project/Vivado/Project/Project.srcs/sources_1/imports/dldfall22proj/ProjectHDMI/hdmi_working/audio_sample_packet.sv:8]
INFO: [Synth 8-6157] synthesizing module 'auxiliary_video_information_info_frame' [C:/DLD/dldfall2022/Project/Vivado/Project/Project.srcs/sources_1/imports/dldfall22proj/ProjectHDMI/hdmi_working/auxiliary_video_information_info_frame.sv:5]
	Parameter IT_CONTENT bound to: 1'b1 
	Parameter VIDEO_ID_CODE bound to: 32'sb00000000000000000000000000000100 
INFO: [Synth 8-6155] done synthesizing module 'auxiliary_video_information_info_frame' (0#1) [C:/DLD/dldfall2022/Project/Vivado/Project/Project.srcs/sources_1/imports/dldfall22proj/ProjectHDMI/hdmi_working/auxiliary_video_information_info_frame.sv:5]
INFO: [Synth 8-6157] synthesizing module 'source_product_description_info_frame' [C:/DLD/dldfall2022/Project/Vivado/Project/Project.srcs/sources_1/imports/dldfall22proj/ProjectHDMI/hdmi_working/source_product_description_info_frame.sv:5]
	Parameter VENDOR_NAME bound to: 64'b0101010101101110011010110110111001101111011101110110111000000000 
	Parameter PRODUCT_DESCRIPTION bound to: 128'b01000110010100000100011101000001000000000000000000000000000000000000000000000000000000000000000000000000000000000000000000000000 
	Parameter SOURCE_DEVICE_INFORMATION bound to: 8'b00000000 
INFO: [Synth 8-6155] done synthesizing module 'source_product_description_info_frame' (0#1) [C:/DLD/dldfall2022/Project/Vivado/Project/Project.srcs/sources_1/imports/dldfall22proj/ProjectHDMI/hdmi_working/source_product_description_info_frame.sv:5]
INFO: [Synth 8-6157] synthesizing module 'audio_info_frame' [C:/DLD/dldfall2022/Project/Vivado/Project/Project.srcs/sources_1/imports/dldfall22proj/ProjectHDMI/hdmi_working/audio_info_frame.sv:5]
INFO: [Synth 8-6155] done synthesizing module 'audio_info_frame' (0#1) [C:/DLD/dldfall2022/Project/Vivado/Project/Project.srcs/sources_1/imports/dldfall22proj/ProjectHDMI/hdmi_working/audio_info_frame.sv:5]
INFO: [Synth 8-6155] done synthesizing module 'packet_picker' (0#1) [C:/DLD/dldfall2022/Project/Vivado/Project/Project.srcs/sources_1/imports/dldfall22proj/ProjectHDMI/hdmi_working/packet_picker.sv:4]
INFO: [Synth 8-6157] synthesizing module 'packet_assembler' [C:/DLD/dldfall2022/Project/Vivado/Project/Project.srcs/sources_1/imports/dldfall22proj/ProjectHDMI/hdmi_working/packet_assembler.sv:4]
INFO: [Synth 8-6155] done synthesizing module 'packet_assembler' (0#1) [C:/DLD/dldfall2022/Project/Vivado/Project/Project.srcs/sources_1/imports/dldfall22proj/ProjectHDMI/hdmi_working/packet_assembler.sv:4]
INFO: [Synth 8-6157] synthesizing module 'tmds_channel' [C:/DLD/dldfall2022/Project/Vivado/Project/Project.srcs/sources_1/imports/dldfall22proj/ProjectHDMI/hdmi_working/tmds_channel.sv:4]
	Parameter CN bound to: 32'sb00000000000000000000000000000000 
INFO: [Synth 8-294] found qualifier unique on case statement: implementing as parallel_case [C:/DLD/dldfall2022/Project/Vivado/Project/Project.srcs/sources_1/imports/dldfall22proj/ProjectHDMI/hdmi_working/tmds_channel.sv:104]
INFO: [Synth 8-294] found qualifier unique on case statement: implementing as parallel_case [C:/DLD/dldfall2022/Project/Vivado/Project/Project.srcs/sources_1/imports/dldfall22proj/ProjectHDMI/hdmi_working/tmds_channel.sv:116]
INFO: [Synth 8-155] case statement is not full and has no default [C:/DLD/dldfall2022/Project/Vivado/Project/Project.srcs/sources_1/imports/dldfall22proj/ProjectHDMI/hdmi_working/tmds_channel.sv:160]
INFO: [Synth 8-6155] done synthesizing module 'tmds_channel' (0#1) [C:/DLD/dldfall2022/Project/Vivado/Project/Project.srcs/sources_1/imports/dldfall22proj/ProjectHDMI/hdmi_working/tmds_channel.sv:4]
INFO: [Synth 8-6157] synthesizing module 'tmds_channel__parameterized0' [C:/DLD/dldfall2022/Project/Vivado/Project/Project.srcs/sources_1/imports/dldfall22proj/ProjectHDMI/hdmi_working/tmds_channel.sv:4]
	Parameter CN bound to: 32'sb00000000000000000000000000000001 
INFO: [Synth 8-294] found qualifier unique on case statement: implementing as parallel_case [C:/DLD/dldfall2022/Project/Vivado/Project/Project.srcs/sources_1/imports/dldfall22proj/ProjectHDMI/hdmi_working/tmds_channel.sv:104]
INFO: [Synth 8-294] found qualifier unique on case statement: implementing as parallel_case [C:/DLD/dldfall2022/Project/Vivado/Project/Project.srcs/sources_1/imports/dldfall22proj/ProjectHDMI/hdmi_working/tmds_channel.sv:116]
INFO: [Synth 8-155] case statement is not full and has no default [C:/DLD/dldfall2022/Project/Vivado/Project/Project.srcs/sources_1/imports/dldfall22proj/ProjectHDMI/hdmi_working/tmds_channel.sv:160]
INFO: [Synth 8-6155] done synthesizing module 'tmds_channel__parameterized0' (0#1) [C:/DLD/dldfall2022/Project/Vivado/Project/Project.srcs/sources_1/imports/dldfall22proj/ProjectHDMI/hdmi_working/tmds_channel.sv:4]
INFO: [Synth 8-6157] synthesizing module 'tmds_channel__parameterized1' [C:/DLD/dldfall2022/Project/Vivado/Project/Project.srcs/sources_1/imports/dldfall22proj/ProjectHDMI/hdmi_working/tmds_channel.sv:4]
	Parameter CN bound to: 32'sb00000000000000000000000000000010 
INFO: [Synth 8-294] found qualifier unique on case statement: implementing as parallel_case [C:/DLD/dldfall2022/Project/Vivado/Project/Project.srcs/sources_1/imports/dldfall22proj/ProjectHDMI/hdmi_working/tmds_channel.sv:104]
INFO: [Synth 8-294] found qualifier unique on case statement: implementing as parallel_case [C:/DLD/dldfall2022/Project/Vivado/Project/Project.srcs/sources_1/imports/dldfall22proj/ProjectHDMI/hdmi_working/tmds_channel.sv:116]
INFO: [Synth 8-155] case statement is not full and has no default [C:/DLD/dldfall2022/Project/Vivado/Project/Project.srcs/sources_1/imports/dldfall22proj/ProjectHDMI/hdmi_working/tmds_channel.sv:160]
INFO: [Synth 8-6155] done synthesizing module 'tmds_channel__parameterized1' (0#1) [C:/DLD/dldfall2022/Project/Vivado/Project/Project.srcs/sources_1/imports/dldfall22proj/ProjectHDMI/hdmi_working/tmds_channel.sv:4]
INFO: [Synth 8-6157] synthesizing module 'serializer' [C:/DLD/dldfall2022/Project/Vivado/Project/Project.srcs/sources_1/imports/dldfall22proj/ProjectHDMI/hdmi_working/serializer.sv:1]
	Parameter NUM_CHANNELS bound to: 32'sb00000000000000000000000000000011 
	Parameter VIDEO_RATE bound to: 74250000.000000 - type: double 
INFO: [Synth 8-6157] synthesizing module 'OSERDESE2' [C:/Xilinx/Vivado/2022.2/scripts/rt/data/unisim_comp.v:94875]
	Parameter DATA_RATE_OQ bound to: DDR - type: string 
	Parameter DATA_RATE_TQ bound to: SDR - type: string 
	Parameter DATA_WIDTH bound to: 10 - type: integer 
	Parameter SERDES_MODE bound to: MASTER - type: string 
	Parameter TBYTE_CTL bound to: FALSE - type: string 
	Parameter TBYTE_SRC bound to: FALSE - type: string 
	Parameter TRISTATE_WIDTH bound to: 1 - type: integer 
INFO: [Synth 8-6155] done synthesizing module 'OSERDESE2' (0#1) [C:/Xilinx/Vivado/2022.2/scripts/rt/data/unisim_comp.v:94875]
INFO: [Synth 8-6157] synthesizing module 'OSERDESE2__parameterized0' [C:/Xilinx/Vivado/2022.2/scripts/rt/data/unisim_comp.v:94875]
	Parameter DATA_RATE_OQ bound to: DDR - type: string 
	Parameter DATA_RATE_TQ bound to: SDR - type: string 
	Parameter DATA_WIDTH bound to: 10 - type: integer 
	Parameter SERDES_MODE bound to: SLAVE - type: string 
	Parameter TBYTE_CTL bound to: FALSE - type: string 
	Parameter TBYTE_SRC bound to: FALSE - type: string 
	Parameter TRISTATE_WIDTH bound to: 1 - type: integer 
INFO: [Synth 8-6155] done synthesizing module 'OSERDESE2__parameterized0' (0#1) [C:/Xilinx/Vivado/2022.2/scripts/rt/data/unisim_comp.v:94875]
INFO: [Synth 8-6155] done synthesizing module 'serializer' (0#1) [C:/DLD/dldfall2022/Project/Vivado/Project/Project.srcs/sources_1/imports/dldfall22proj/ProjectHDMI/hdmi_working/serializer.sv:1]
INFO: [Synth 8-6155] done synthesizing module 'hdmi' (0#1) [C:/DLD/dldfall2022/Project/Vivado/Project/Project.srcs/sources_1/imports/dldfall22proj/ProjectHDMI/hdmi_working/hdmi.sv:4]
WARNING: [Synth 8-689] width (10) of port connection 'cx' does not match port width (11) of module 'hdmi' [C:/DLD/dldfall2022/Project/Vivado/Project/Project.srcs/sources_1/imports/dldfall22proj/ProjectHDMI/hdmi_working/hdmi_top.sv:53]
INFO: [Synth 8-6155] done synthesizing module 'hdmi_top' (0#1) [C:/DLD/dldfall2022/Project/Vivado/Project/Project.srcs/sources_1/imports/dldfall22proj/ProjectHDMI/hdmi_working/hdmi_top.sv:1]
INFO: [Synth 8-6157] synthesizing module 'segment_driver' [C:/DLD/dldfall2022/Project/Vivado/Project/Project.srcs/sources_1/imports/vivado/segment_driver.sv:23]
INFO: [Synth 8-226] default block is never used [C:/DLD/dldfall2022/Project/Vivado/Project/Project.srcs/sources_1/imports/vivado/segment_driver.sv:63]
INFO: [Synth 8-6157] synthesizing module 'digit2segments' [C:/DLD/dldfall2022/Project/Vivado/Project/Project.srcs/sources_1/imports/vivado/digit2segments.sv:23]
INFO: [Synth 8-226] default block is never used [C:/DLD/dldfall2022/Project/Vivado/Project/Project.srcs/sources_1/imports/vivado/digit2segments.sv:30]
INFO: [Synth 8-6155] done synthesizing module 'digit2segments' (0#1) [C:/DLD/dldfall2022/Project/Vivado/Project/Project.srcs/sources_1/imports/vivado/digit2segments.sv:23]
INFO: [Synth 8-6155] done synthesizing module 'segment_driver' (0#1) [C:/DLD/dldfall2022/Project/Vivado/Project/Project.srcs/sources_1/imports/vivado/segment_driver.sv:23]
INFO: [Synth 8-6155] done synthesizing module 'top_demo' (0#1) [C:/DLD/dldfall2022/Project/Vivado/Project/Project.srcs/sources_1/new/top_demo.sv:23]
WARNING: [Synth 8-3848] Net emptygrid in module/entity controller does not have driver. [C:/DLD/dldfall2022/Project/Vivado/Project/Project.srcs/sources_1/new/controller.sv:46]
WARNING: [Synth 8-87] always_comb on 'game_reg[grid]' did not result in combinational logic [C:/DLD/dldfall2022/Project/Vivado/Project/Project.srcs/sources_1/new/gameoflife.sv:85]
WARNING: [Synth 8-87] always_comb on 'game_reg[generation]' did not result in combinational logic [C:/DLD/dldfall2022/Project/Vivado/Project/Project.srcs/sources_1/new/gameoflife.sv:85]
WARNING: [Synth 8-87] always_comb on 'game_reg[lastgeneration]' did not result in combinational logic [C:/DLD/dldfall2022/Project/Vivado/Project/Project.srcs/sources_1/new/gameoflife.sv:85]
WARNING: [Synth 8-87] always_comb on 'game_reg[nextstate]' did not result in combinational logic [C:/DLD/dldfall2022/Project/Vivado/Project/Project.srcs/sources_1/new/gameoflife.sv:85]
WARNING: [Synth 8-87] always_comb on 'game_reg[updatesignal]' did not result in combinational logic [C:/DLD/dldfall2022/Project/Vivado/Project/Project.srcs/sources_1/new/gameoflife.sv:85]
WARNING: [Synth 8-3848] Net headers[255] in module/entity packet_picker does not have driver. [C:/DLD/dldfall2022/Project/Vivado/Project/Project.srcs/sources_1/imports/dldfall22proj/ProjectHDMI/hdmi_working/packet_picker.sv:29]
WARNING: [Synth 8-3848] Net headers[254] in module/entity packet_picker does not have driver. [C:/DLD/dldfall2022/Project/Vivado/Project/Project.srcs/sources_1/imports/dldfall22proj/ProjectHDMI/hdmi_working/packet_picker.sv:29]
WARNING: [Synth 8-3848] Net headers[253] in module/entity packet_picker does not have driver. [C:/DLD/dldfall2022/Project/Vivado/Project/Project.srcs/sources_1/imports/dldfall22proj/ProjectHDMI/hdmi_working/packet_picker.sv:29]
WARNING: [Synth 8-3848] Net headers[252] in module/entity packet_picker does not have driver. [C:/DLD/dldfall2022/Project/Vivado/Project/Project.srcs/sources_1/imports/dldfall22proj/ProjectHDMI/hdmi_working/packet_picker.sv:29]
WARNING: [Synth 8-3848] Net headers[251] in module/entity packet_picker does not have driver. [C:/DLD/dldfall2022/Project/Vivado/Project/Project.srcs/sources_1/imports/dldfall22proj/ProjectHDMI/hdmi_working/packet_picker.sv:29]
WARNING: [Synth 8-3848] Net headers[250] in module/entity packet_picker does not have driver. [C:/DLD/dldfall2022/Project/Vivado/Project/Project.srcs/sources_1/imports/dldfall22proj/ProjectHDMI/hdmi_working/packet_picker.sv:29]
WARNING: [Synth 8-3848] Net headers[249] in module/entity packet_picker does not have driver. [C:/DLD/dldfall2022/Project/Vivado/Project/Project.srcs/sources_1/imports/dldfall22proj/ProjectHDMI/hdmi_working/packet_picker.sv:29]
WARNING: [Synth 8-3848] Net headers[248] in module/entity packet_picker does not have driver. [C:/DLD/dldfall2022/Project/Vivado/Project/Project.srcs/sources_1/imports/dldfall22proj/ProjectHDMI/hdmi_working/packet_picker.sv:29]
WARNING: [Synth 8-3848] Net headers[247] in module/entity packet_picker does not have driver. [C:/DLD/dldfall2022/Project/Vivado/Project/Project.srcs/sources_1/imports/dldfall22proj/ProjectHDMI/hdmi_working/packet_picker.sv:29]
WARNING: [Synth 8-3848] Net headers[246] in module/entity packet_picker does not have driver. [C:/DLD/dldfall2022/Project/Vivado/Project/Project.srcs/sources_1/imports/dldfall22proj/ProjectHDMI/hdmi_working/packet_picker.sv:29]
WARNING: [Synth 8-3848] Net headers[245] in module/entity packet_picker does not have driver. [C:/DLD/dldfall2022/Project/Vivado/Project/Project.srcs/sources_1/imports/dldfall22proj/ProjectHDMI/hdmi_working/packet_picker.sv:29]
WARNING: [Synth 8-3848] Net headers[244] in module/entity packet_picker does not have driver. [C:/DLD/dldfall2022/Project/Vivado/Project/Project.srcs/sources_1/imports/dldfall22proj/ProjectHDMI/hdmi_working/packet_picker.sv:29]
WARNING: [Synth 8-3848] Net headers[243] in module/entity packet_picker does not have driver. [C:/DLD/dldfall2022/Project/Vivado/Project/Project.srcs/sources_1/imports/dldfall22proj/ProjectHDMI/hdmi_working/packet_picker.sv:29]
WARNING: [Synth 8-3848] Net headers[242] in module/entity packet_picker does not have driver. [C:/DLD/dldfall2022/Project/Vivado/Project/Project.srcs/sources_1/imports/dldfall22proj/ProjectHDMI/hdmi_working/packet_picker.sv:29]
WARNING: [Synth 8-3848] Net headers[241] in module/entity packet_picker does not have driver. [C:/DLD/dldfall2022/Project/Vivado/Project/Project.srcs/sources_1/imports/dldfall22proj/ProjectHDMI/hdmi_working/packet_picker.sv:29]
WARNING: [Synth 8-3848] Net headers[240] in module/entity packet_picker does not have driver. [C:/DLD/dldfall2022/Project/Vivado/Project/Project.srcs/sources_1/imports/dldfall22proj/ProjectHDMI/hdmi_working/packet_picker.sv:29]
WARNING: [Synth 8-3848] Net headers[239] in module/entity packet_picker does not have driver. [C:/DLD/dldfall2022/Project/Vivado/Project/Project.srcs/sources_1/imports/dldfall22proj/ProjectHDMI/hdmi_working/packet_picker.sv:29]
WARNING: [Synth 8-3848] Net headers[238] in module/entity packet_picker does not have driver. [C:/DLD/dldfall2022/Project/Vivado/Project/Project.srcs/sources_1/imports/dldfall22proj/ProjectHDMI/hdmi_working/packet_picker.sv:29]
WARNING: [Synth 8-3848] Net headers[237] in module/entity packet_picker does not have driver. [C:/DLD/dldfall2022/Project/Vivado/Project/Project.srcs/sources_1/imports/dldfall22proj/ProjectHDMI/hdmi_working/packet_picker.sv:29]
WARNING: [Synth 8-3848] Net headers[236] in module/entity packet_picker does not have driver. [C:/DLD/dldfall2022/Project/Vivado/Project/Project.srcs/sources_1/imports/dldfall22proj/ProjectHDMI/hdmi_working/packet_picker.sv:29]
WARNING: [Synth 8-3848] Net headers[235] in module/entity packet_picker does not have driver. [C:/DLD/dldfall2022/Project/Vivado/Project/Project.srcs/sources_1/imports/dldfall22proj/ProjectHDMI/hdmi_working/packet_picker.sv:29]
WARNING: [Synth 8-3848] Net headers[234] in module/entity packet_picker does not have driver. [C:/DLD/dldfall2022/Project/Vivado/Project/Project.srcs/sources_1/imports/dldfall22proj/ProjectHDMI/hdmi_working/packet_picker.sv:29]
WARNING: [Synth 8-3848] Net headers[233] in module/entity packet_picker does not have driver. [C:/DLD/dldfall2022/Project/Vivado/Project/Project.srcs/sources_1/imports/dldfall22proj/ProjectHDMI/hdmi_working/packet_picker.sv:29]
WARNING: [Synth 8-3848] Net headers[232] in module/entity packet_picker does not have driver. [C:/DLD/dldfall2022/Project/Vivado/Project/Project.srcs/sources_1/imports/dldfall22proj/ProjectHDMI/hdmi_working/packet_picker.sv:29]
WARNING: [Synth 8-3848] Net headers[231] in module/entity packet_picker does not have driver. [C:/DLD/dldfall2022/Project/Vivado/Project/Project.srcs/sources_1/imports/dldfall22proj/ProjectHDMI/hdmi_working/packet_picker.sv:29]
WARNING: [Synth 8-3848] Net headers[230] in module/entity packet_picker does not have driver. [C:/DLD/dldfall2022/Project/Vivado/Project/Project.srcs/sources_1/imports/dldfall22proj/ProjectHDMI/hdmi_working/packet_picker.sv:29]
WARNING: [Synth 8-3848] Net headers[229] in module/entity packet_picker does not have driver. [C:/DLD/dldfall2022/Project/Vivado/Project/Project.srcs/sources_1/imports/dldfall22proj/ProjectHDMI/hdmi_working/packet_picker.sv:29]
WARNING: [Synth 8-3848] Net headers[228] in module/entity packet_picker does not have driver. [C:/DLD/dldfall2022/Project/Vivado/Project/Project.srcs/sources_1/imports/dldfall22proj/ProjectHDMI/hdmi_working/packet_picker.sv:29]
WARNING: [Synth 8-3848] Net headers[227] in module/entity packet_picker does not have driver. [C:/DLD/dldfall2022/Project/Vivado/Project/Project.srcs/sources_1/imports/dldfall22proj/ProjectHDMI/hdmi_working/packet_picker.sv:29]
WARNING: [Synth 8-3848] Net headers[226] in module/entity packet_picker does not have driver. [C:/DLD/dldfall2022/Project/Vivado/Project/Project.srcs/sources_1/imports/dldfall22proj/ProjectHDMI/hdmi_working/packet_picker.sv:29]
WARNING: [Synth 8-3848] Net headers[225] in module/entity packet_picker does not have driver. [C:/DLD/dldfall2022/Project/Vivado/Project/Project.srcs/sources_1/imports/dldfall22proj/ProjectHDMI/hdmi_working/packet_picker.sv:29]
WARNING: [Synth 8-3848] Net headers[224] in module/entity packet_picker does not have driver. [C:/DLD/dldfall2022/Project/Vivado/Project/Project.srcs/sources_1/imports/dldfall22proj/ProjectHDMI/hdmi_working/packet_picker.sv:29]
WARNING: [Synth 8-3848] Net headers[223] in module/entity packet_picker does not have driver. [C:/DLD/dldfall2022/Project/Vivado/Project/Project.srcs/sources_1/imports/dldfall22proj/ProjectHDMI/hdmi_working/packet_picker.sv:29]
WARNING: [Synth 8-3848] Net headers[222] in module/entity packet_picker does not have driver. [C:/DLD/dldfall2022/Project/Vivado/Project/Project.srcs/sources_1/imports/dldfall22proj/ProjectHDMI/hdmi_working/packet_picker.sv:29]
WARNING: [Synth 8-3848] Net headers[221] in module/entity packet_picker does not have driver. [C:/DLD/dldfall2022/Project/Vivado/Project/Project.srcs/sources_1/imports/dldfall22proj/ProjectHDMI/hdmi_working/packet_picker.sv:29]
WARNING: [Synth 8-3848] Net headers[220] in module/entity packet_picker does not have driver. [C:/DLD/dldfall2022/Project/Vivado/Project/Project.srcs/sources_1/imports/dldfall22proj/ProjectHDMI/hdmi_working/packet_picker.sv:29]
WARNING: [Synth 8-3848] Net headers[219] in module/entity packet_picker does not have driver. [C:/DLD/dldfall2022/Project/Vivado/Project/Project.srcs/sources_1/imports/dldfall22proj/ProjectHDMI/hdmi_working/packet_picker.sv:29]
WARNING: [Synth 8-3848] Net headers[218] in module/entity packet_picker does not have driver. [C:/DLD/dldfall2022/Project/Vivado/Project/Project.srcs/sources_1/imports/dldfall22proj/ProjectHDMI/hdmi_working/packet_picker.sv:29]
WARNING: [Synth 8-3848] Net headers[217] in module/entity packet_picker does not have driver. [C:/DLD/dldfall2022/Project/Vivado/Project/Project.srcs/sources_1/imports/dldfall22proj/ProjectHDMI/hdmi_working/packet_picker.sv:29]
WARNING: [Synth 8-3848] Net headers[216] in module/entity packet_picker does not have driver. [C:/DLD/dldfall2022/Project/Vivado/Project/Project.srcs/sources_1/imports/dldfall22proj/ProjectHDMI/hdmi_working/packet_picker.sv:29]
WARNING: [Synth 8-3848] Net headers[215] in module/entity packet_picker does not have driver. [C:/DLD/dldfall2022/Project/Vivado/Project/Project.srcs/sources_1/imports/dldfall22proj/ProjectHDMI/hdmi_working/packet_picker.sv:29]
WARNING: [Synth 8-3848] Net headers[214] in module/entity packet_picker does not have driver. [C:/DLD/dldfall2022/Project/Vivado/Project/Project.srcs/sources_1/imports/dldfall22proj/ProjectHDMI/hdmi_working/packet_picker.sv:29]
WARNING: [Synth 8-3848] Net headers[213] in module/entity packet_picker does not have driver. [C:/DLD/dldfall2022/Project/Vivado/Project/Project.srcs/sources_1/imports/dldfall22proj/ProjectHDMI/hdmi_working/packet_picker.sv:29]
WARNING: [Synth 8-3848] Net headers[212] in module/entity packet_picker does not have driver. [C:/DLD/dldfall2022/Project/Vivado/Project/Project.srcs/sources_1/imports/dldfall22proj/ProjectHDMI/hdmi_working/packet_picker.sv:29]
WARNING: [Synth 8-3848] Net headers[211] in module/entity packet_picker does not have driver. [C:/DLD/dldfall2022/Project/Vivado/Project/Project.srcs/sources_1/imports/dldfall22proj/ProjectHDMI/hdmi_working/packet_picker.sv:29]
WARNING: [Synth 8-3848] Net headers[210] in module/entity packet_picker does not have driver. [C:/DLD/dldfall2022/Project/Vivado/Project/Project.srcs/sources_1/imports/dldfall22proj/ProjectHDMI/hdmi_working/packet_picker.sv:29]
WARNING: [Synth 8-3848] Net headers[209] in module/entity packet_picker does not have driver. [C:/DLD/dldfall2022/Project/Vivado/Project/Project.srcs/sources_1/imports/dldfall22proj/ProjectHDMI/hdmi_working/packet_picker.sv:29]
WARNING: [Synth 8-3848] Net headers[208] in module/entity packet_picker does not have driver. [C:/DLD/dldfall2022/Project/Vivado/Project/Project.srcs/sources_1/imports/dldfall22proj/ProjectHDMI/hdmi_working/packet_picker.sv:29]
WARNING: [Synth 8-3848] Net headers[207] in module/entity packet_picker does not have driver. [C:/DLD/dldfall2022/Project/Vivado/Project/Project.srcs/sources_1/imports/dldfall22proj/ProjectHDMI/hdmi_working/packet_picker.sv:29]
WARNING: [Synth 8-3848] Net headers[206] in module/entity packet_picker does not have driver. [C:/DLD/dldfall2022/Project/Vivado/Project/Project.srcs/sources_1/imports/dldfall22proj/ProjectHDMI/hdmi_working/packet_picker.sv:29]
WARNING: [Synth 8-3848] Net headers[205] in module/entity packet_picker does not have driver. [C:/DLD/dldfall2022/Project/Vivado/Project/Project.srcs/sources_1/imports/dldfall22proj/ProjectHDMI/hdmi_working/packet_picker.sv:29]
WARNING: [Synth 8-3848] Net headers[204] in module/entity packet_picker does not have driver. [C:/DLD/dldfall2022/Project/Vivado/Project/Project.srcs/sources_1/imports/dldfall22proj/ProjectHDMI/hdmi_working/packet_picker.sv:29]
WARNING: [Synth 8-3848] Net headers[203] in module/entity packet_picker does not have driver. [C:/DLD/dldfall2022/Project/Vivado/Project/Project.srcs/sources_1/imports/dldfall22proj/ProjectHDMI/hdmi_working/packet_picker.sv:29]
WARNING: [Synth 8-3848] Net headers[202] in module/entity packet_picker does not have driver. [C:/DLD/dldfall2022/Project/Vivado/Project/Project.srcs/sources_1/imports/dldfall22proj/ProjectHDMI/hdmi_working/packet_picker.sv:29]
WARNING: [Synth 8-3848] Net headers[201] in module/entity packet_picker does not have driver. [C:/DLD/dldfall2022/Project/Vivado/Project/Project.srcs/sources_1/imports/dldfall22proj/ProjectHDMI/hdmi_working/packet_picker.sv:29]
WARNING: [Synth 8-3848] Net headers[200] in module/entity packet_picker does not have driver. [C:/DLD/dldfall2022/Project/Vivado/Project/Project.srcs/sources_1/imports/dldfall22proj/ProjectHDMI/hdmi_working/packet_picker.sv:29]
WARNING: [Synth 8-3848] Net headers[199] in module/entity packet_picker does not have driver. [C:/DLD/dldfall2022/Project/Vivado/Project/Project.srcs/sources_1/imports/dldfall22proj/ProjectHDMI/hdmi_working/packet_picker.sv:29]
WARNING: [Synth 8-3848] Net headers[198] in module/entity packet_picker does not have driver. [C:/DLD/dldfall2022/Project/Vivado/Project/Project.srcs/sources_1/imports/dldfall22proj/ProjectHDMI/hdmi_working/packet_picker.sv:29]
WARNING: [Synth 8-3848] Net headers[197] in module/entity packet_picker does not have driver. [C:/DLD/dldfall2022/Project/Vivado/Project/Project.srcs/sources_1/imports/dldfall22proj/ProjectHDMI/hdmi_working/packet_picker.sv:29]
WARNING: [Synth 8-3848] Net headers[196] in module/entity packet_picker does not have driver. [C:/DLD/dldfall2022/Project/Vivado/Project/Project.srcs/sources_1/imports/dldfall22proj/ProjectHDMI/hdmi_working/packet_picker.sv:29]
WARNING: [Synth 8-3848] Net headers[195] in module/entity packet_picker does not have driver. [C:/DLD/dldfall2022/Project/Vivado/Project/Project.srcs/sources_1/imports/dldfall22proj/ProjectHDMI/hdmi_working/packet_picker.sv:29]
WARNING: [Synth 8-3848] Net headers[194] in module/entity packet_picker does not have driver. [C:/DLD/dldfall2022/Project/Vivado/Project/Project.srcs/sources_1/imports/dldfall22proj/ProjectHDMI/hdmi_working/packet_picker.sv:29]
WARNING: [Synth 8-3848] Net headers[193] in module/entity packet_picker does not have driver. [C:/DLD/dldfall2022/Project/Vivado/Project/Project.srcs/sources_1/imports/dldfall22proj/ProjectHDMI/hdmi_working/packet_picker.sv:29]
WARNING: [Synth 8-3848] Net headers[192] in module/entity packet_picker does not have driver. [C:/DLD/dldfall2022/Project/Vivado/Project/Project.srcs/sources_1/imports/dldfall22proj/ProjectHDMI/hdmi_working/packet_picker.sv:29]
WARNING: [Synth 8-3848] Net headers[191] in module/entity packet_picker does not have driver. [C:/DLD/dldfall2022/Project/Vivado/Project/Project.srcs/sources_1/imports/dldfall22proj/ProjectHDMI/hdmi_working/packet_picker.sv:29]
WARNING: [Synth 8-3848] Net headers[190] in module/entity packet_picker does not have driver. [C:/DLD/dldfall2022/Project/Vivado/Project/Project.srcs/sources_1/imports/dldfall22proj/ProjectHDMI/hdmi_working/packet_picker.sv:29]
WARNING: [Synth 8-3848] Net headers[189] in module/entity packet_picker does not have driver. [C:/DLD/dldfall2022/Project/Vivado/Project/Project.srcs/sources_1/imports/dldfall22proj/ProjectHDMI/hdmi_working/packet_picker.sv:29]
WARNING: [Synth 8-3848] Net headers[188] in module/entity packet_picker does not have driver. [C:/DLD/dldfall2022/Project/Vivado/Project/Project.srcs/sources_1/imports/dldfall22proj/ProjectHDMI/hdmi_working/packet_picker.sv:29]
WARNING: [Synth 8-3848] Net headers[187] in module/entity packet_picker does not have driver. [C:/DLD/dldfall2022/Project/Vivado/Project/Project.srcs/sources_1/imports/dldfall22proj/ProjectHDMI/hdmi_working/packet_picker.sv:29]
WARNING: [Synth 8-3848] Net headers[186] in module/entity packet_picker does not have driver. [C:/DLD/dldfall2022/Project/Vivado/Project/Project.srcs/sources_1/imports/dldfall22proj/ProjectHDMI/hdmi_working/packet_picker.sv:29]
WARNING: [Synth 8-3848] Net headers[185] in module/entity packet_picker does not have driver. [C:/DLD/dldfall2022/Project/Vivado/Project/Project.srcs/sources_1/imports/dldfall22proj/ProjectHDMI/hdmi_working/packet_picker.sv:29]
WARNING: [Synth 8-3848] Net headers[184] in module/entity packet_picker does not have driver. [C:/DLD/dldfall2022/Project/Vivado/Project/Project.srcs/sources_1/imports/dldfall22proj/ProjectHDMI/hdmi_working/packet_picker.sv:29]
WARNING: [Synth 8-3848] Net headers[183] in module/entity packet_picker does not have driver. [C:/DLD/dldfall2022/Project/Vivado/Project/Project.srcs/sources_1/imports/dldfall22proj/ProjectHDMI/hdmi_working/packet_picker.sv:29]
WARNING: [Synth 8-3848] Net headers[182] in module/entity packet_picker does not have driver. [C:/DLD/dldfall2022/Project/Vivado/Project/Project.srcs/sources_1/imports/dldfall22proj/ProjectHDMI/hdmi_working/packet_picker.sv:29]
WARNING: [Synth 8-3848] Net headers[181] in module/entity packet_picker does not have driver. [C:/DLD/dldfall2022/Project/Vivado/Project/Project.srcs/sources_1/imports/dldfall22proj/ProjectHDMI/hdmi_working/packet_picker.sv:29]
WARNING: [Synth 8-3848] Net headers[180] in module/entity packet_picker does not have driver. [C:/DLD/dldfall2022/Project/Vivado/Project/Project.srcs/sources_1/imports/dldfall22proj/ProjectHDMI/hdmi_working/packet_picker.sv:29]
WARNING: [Synth 8-3848] Net headers[179] in module/entity packet_picker does not have driver. [C:/DLD/dldfall2022/Project/Vivado/Project/Project.srcs/sources_1/imports/dldfall22proj/ProjectHDMI/hdmi_working/packet_picker.sv:29]
WARNING: [Synth 8-3848] Net headers[178] in module/entity packet_picker does not have driver. [C:/DLD/dldfall2022/Project/Vivado/Project/Project.srcs/sources_1/imports/dldfall22proj/ProjectHDMI/hdmi_working/packet_picker.sv:29]
WARNING: [Synth 8-3848] Net headers[177] in module/entity packet_picker does not have driver. [C:/DLD/dldfall2022/Project/Vivado/Project/Project.srcs/sources_1/imports/dldfall22proj/ProjectHDMI/hdmi_working/packet_picker.sv:29]
WARNING: [Synth 8-3848] Net headers[176] in module/entity packet_picker does not have driver. [C:/DLD/dldfall2022/Project/Vivado/Project/Project.srcs/sources_1/imports/dldfall22proj/ProjectHDMI/hdmi_working/packet_picker.sv:29]
WARNING: [Synth 8-3848] Net headers[175] in module/entity packet_picker does not have driver. [C:/DLD/dldfall2022/Project/Vivado/Project/Project.srcs/sources_1/imports/dldfall22proj/ProjectHDMI/hdmi_working/packet_picker.sv:29]
WARNING: [Synth 8-3848] Net headers[174] in module/entity packet_picker does not have driver. [C:/DLD/dldfall2022/Project/Vivado/Project/Project.srcs/sources_1/imports/dldfall22proj/ProjectHDMI/hdmi_working/packet_picker.sv:29]
WARNING: [Synth 8-3848] Net headers[173] in module/entity packet_picker does not have driver. [C:/DLD/dldfall2022/Project/Vivado/Project/Project.srcs/sources_1/imports/dldfall22proj/ProjectHDMI/hdmi_working/packet_picker.sv:29]
WARNING: [Synth 8-3848] Net headers[172] in module/entity packet_picker does not have driver. [C:/DLD/dldfall2022/Project/Vivado/Project/Project.srcs/sources_1/imports/dldfall22proj/ProjectHDMI/hdmi_working/packet_picker.sv:29]
WARNING: [Synth 8-3848] Net headers[171] in module/entity packet_picker does not have driver. [C:/DLD/dldfall2022/Project/Vivado/Project/Project.srcs/sources_1/imports/dldfall22proj/ProjectHDMI/hdmi_working/packet_picker.sv:29]
WARNING: [Synth 8-3848] Net headers[170] in module/entity packet_picker does not have driver. [C:/DLD/dldfall2022/Project/Vivado/Project/Project.srcs/sources_1/imports/dldfall22proj/ProjectHDMI/hdmi_working/packet_picker.sv:29]
WARNING: [Synth 8-3848] Net headers[169] in module/entity packet_picker does not have driver. [C:/DLD/dldfall2022/Project/Vivado/Project/Project.srcs/sources_1/imports/dldfall22proj/ProjectHDMI/hdmi_working/packet_picker.sv:29]
WARNING: [Synth 8-3848] Net headers[168] in module/entity packet_picker does not have driver. [C:/DLD/dldfall2022/Project/Vivado/Project/Project.srcs/sources_1/imports/dldfall22proj/ProjectHDMI/hdmi_working/packet_picker.sv:29]
WARNING: [Synth 8-3848] Net headers[167] in module/entity packet_picker does not have driver. [C:/DLD/dldfall2022/Project/Vivado/Project/Project.srcs/sources_1/imports/dldfall22proj/ProjectHDMI/hdmi_working/packet_picker.sv:29]
WARNING: [Synth 8-3848] Net headers[166] in module/entity packet_picker does not have driver. [C:/DLD/dldfall2022/Project/Vivado/Project/Project.srcs/sources_1/imports/dldfall22proj/ProjectHDMI/hdmi_working/packet_picker.sv:29]
WARNING: [Synth 8-3848] Net headers[165] in module/entity packet_picker does not have driver. [C:/DLD/dldfall2022/Project/Vivado/Project/Project.srcs/sources_1/imports/dldfall22proj/ProjectHDMI/hdmi_working/packet_picker.sv:29]
WARNING: [Synth 8-3848] Net headers[164] in module/entity packet_picker does not have driver. [C:/DLD/dldfall2022/Project/Vivado/Project/Project.srcs/sources_1/imports/dldfall22proj/ProjectHDMI/hdmi_working/packet_picker.sv:29]
WARNING: [Synth 8-3848] Net headers[163] in module/entity packet_picker does not have driver. [C:/DLD/dldfall2022/Project/Vivado/Project/Project.srcs/sources_1/imports/dldfall22proj/ProjectHDMI/hdmi_working/packet_picker.sv:29]
WARNING: [Synth 8-3848] Net headers[162] in module/entity packet_picker does not have driver. [C:/DLD/dldfall2022/Project/Vivado/Project/Project.srcs/sources_1/imports/dldfall22proj/ProjectHDMI/hdmi_working/packet_picker.sv:29]
WARNING: [Synth 8-3848] Net headers[161] in module/entity packet_picker does not have driver. [C:/DLD/dldfall2022/Project/Vivado/Project/Project.srcs/sources_1/imports/dldfall22proj/ProjectHDMI/hdmi_working/packet_picker.sv:29]
WARNING: [Synth 8-3848] Net headers[160] in module/entity packet_picker does not have driver. [C:/DLD/dldfall2022/Project/Vivado/Project/Project.srcs/sources_1/imports/dldfall22proj/ProjectHDMI/hdmi_working/packet_picker.sv:29]
WARNING: [Synth 8-3848] Net headers[159] in module/entity packet_picker does not have driver. [C:/DLD/dldfall2022/Project/Vivado/Project/Project.srcs/sources_1/imports/dldfall22proj/ProjectHDMI/hdmi_working/packet_picker.sv:29]
WARNING: [Synth 8-3848] Net headers[158] in module/entity packet_picker does not have driver. [C:/DLD/dldfall2022/Project/Vivado/Project/Project.srcs/sources_1/imports/dldfall22proj/ProjectHDMI/hdmi_working/packet_picker.sv:29]
WARNING: [Synth 8-3848] Net headers[157] in module/entity packet_picker does not have driver. [C:/DLD/dldfall2022/Project/Vivado/Project/Project.srcs/sources_1/imports/dldfall22proj/ProjectHDMI/hdmi_working/packet_picker.sv:29]
INFO: [Common 17-14] Message 'Synth 8-3848' appears 100 times and further instances of the messages will be disabled. Use the Tcl command set_msg_config to change the current settings.
WARNING: [Synth 8-7129] Port HDMI_SDA in module hdmi_top is either unconnected or has no load
WARNING: [Synth 8-7129] Port HDMI_SCL in module hdmi_top is either unconnected or has no load
WARNING: [Synth 8-7129] Port HDMI_CEC in module hdmi_top is either unconnected or has no load
WARNING: [Synth 8-7129] Port HDMI_HPD in module hdmi_top is either unconnected or has no load
WARNING: [Synth 8-7129] Port game[paused] in module controller is either unconnected or has no load
WARNING: [Synth 8-7129] Port game[gridevolve][63] in module controller is either unconnected or has no load
WARNING: [Synth 8-7129] Port game[gridevolve][62] in module controller is either unconnected or has no load
WARNING: [Synth 8-7129] Port game[gridevolve][61] in module controller is either unconnected or has no load
WARNING: [Synth 8-7129] Port game[gridevolve][60] in module controller is either unconnected or has no load
WARNING: [Synth 8-7129] Port game[gridevolve][59] in module controller is either unconnected or has no load
WARNING: [Synth 8-7129] Port game[gridevolve][58] in module controller is either unconnected or has no load
WARNING: [Synth 8-7129] Port game[gridevolve][57] in module controller is either unconnected or has no load
WARNING: [Synth 8-7129] Port game[gridevolve][56] in module controller is either unconnected or has no load
WARNING: [Synth 8-7129] Port game[gridevolve][55] in module controller is either unconnected or has no load
WARNING: [Synth 8-7129] Port game[gridevolve][54] in module controller is either unconnected or has no load
WARNING: [Synth 8-7129] Port game[gridevolve][53] in module controller is either unconnected or has no load
WARNING: [Synth 8-7129] Port game[gridevolve][52] in module controller is either unconnected or has no load
WARNING: [Synth 8-7129] Port game[gridevolve][51] in module controller is either unconnected or has no load
WARNING: [Synth 8-7129] Port game[gridevolve][50] in module controller is either unconnected or has no load
WARNING: [Synth 8-7129] Port game[gridevolve][49] in module controller is either unconnected or has no load
WARNING: [Synth 8-7129] Port game[gridevolve][48] in module controller is either unconnected or has no load
WARNING: [Synth 8-7129] Port game[gridevolve][47] in module controller is either unconnected or has no load
WARNING: [Synth 8-7129] Port game[gridevolve][46] in module controller is either unconnected or has no load
WARNING: [Synth 8-7129] Port game[gridevolve][45] in module controller is either unconnected or has no load
WARNING: [Synth 8-7129] Port game[gridevolve][44] in module controller is either unconnected or has no load
WARNING: [Synth 8-7129] Port game[gridevolve][43] in module controller is either unconnected or has no load
WARNING: [Synth 8-7129] Port game[gridevolve][42] in module controller is either unconnected or has no load
WARNING: [Synth 8-7129] Port game[gridevolve][41] in module controller is either unconnected or has no load
WARNING: [Synth 8-7129] Port game[gridevolve][40] in module controller is either unconnected or has no load
WARNING: [Synth 8-7129] Port game[gridevolve][39] in module controller is either unconnected or has no load
WARNING: [Synth 8-7129] Port game[gridevolve][38] in module controller is either unconnected or has no load
WARNING: [Synth 8-7129] Port game[gridevolve][37] in module controller is either unconnected or has no load
WARNING: [Synth 8-7129] Port game[gridevolve][36] in module controller is either unconnected or has no load
WARNING: [Synth 8-7129] Port game[gridevolve][35] in module controller is either unconnected or has no load
WARNING: [Synth 8-7129] Port game[gridevolve][34] in module controller is either unconnected or has no load
WARNING: [Synth 8-7129] Port game[gridevolve][33] in module controller is either unconnected or has no load
WARNING: [Synth 8-7129] Port game[gridevolve][32] in module controller is either unconnected or has no load
WARNING: [Synth 8-7129] Port game[gridevolve][31] in module controller is either unconnected or has no load
WARNING: [Synth 8-7129] Port game[gridevolve][30] in module controller is either unconnected or has no load
WARNING: [Synth 8-7129] Port game[gridevolve][29] in module controller is either unconnected or has no load
WARNING: [Synth 8-7129] Port game[gridevolve][28] in module controller is either unconnected or has no load
WARNING: [Synth 8-7129] Port game[gridevolve][27] in module controller is either unconnected or has no load
WARNING: [Synth 8-7129] Port game[gridevolve][26] in module controller is either unconnected or has no load
WARNING: [Synth 8-7129] Port game[gridevolve][25] in module controller is either unconnected or has no load
WARNING: [Synth 8-7129] Port game[gridevolve][24] in module controller is either unconnected or has no load
WARNING: [Synth 8-7129] Port game[gridevolve][23] in module controller is either unconnected or has no load
WARNING: [Synth 8-7129] Port game[gridevolve][22] in module controller is either unconnected or has no load
WARNING: [Synth 8-7129] Port game[gridevolve][21] in module controller is either unconnected or has no load
WARNING: [Synth 8-7129] Port game[gridevolve][20] in module controller is either unconnected or has no load
WARNING: [Synth 8-7129] Port game[gridevolve][19] in module controller is either unconnected or has no load
WARNING: [Synth 8-7129] Port game[gridevolve][18] in module controller is either unconnected or has no load
WARNING: [Synth 8-7129] Port game[gridevolve][17] in module controller is either unconnected or has no load
WARNING: [Synth 8-7129] Port game[gridevolve][16] in module controller is either unconnected or has no load
WARNING: [Synth 8-7129] Port game[gridevolve][15] in module controller is either unconnected or has no load
WARNING: [Synth 8-7129] Port game[gridevolve][14] in module controller is either unconnected or has no load
WARNING: [Synth 8-7129] Port game[gridevolve][13] in module controller is either unconnected or has no load
WARNING: [Synth 8-7129] Port game[gridevolve][12] in module controller is either unconnected or has no load
WARNING: [Synth 8-7129] Port game[gridevolve][11] in module controller is either unconnected or has no load
WARNING: [Synth 8-7129] Port game[gridevolve][10] in module controller is either unconnected or has no load
WARNING: [Synth 8-7129] Port game[gridevolve][9] in module controller is either unconnected or has no load
WARNING: [Synth 8-7129] Port game[gridevolve][8] in module controller is either unconnected or has no load
WARNING: [Synth 8-7129] Port game[gridevolve][7] in module controller is either unconnected or has no load
WARNING: [Synth 8-7129] Port game[gridevolve][6] in module controller is either unconnected or has no load
WARNING: [Synth 8-7129] Port game[gridevolve][5] in module controller is either unconnected or has no load
WARNING: [Synth 8-7129] Port game[gridevolve][4] in module controller is either unconnected or has no load
WARNING: [Synth 8-7129] Port game[gridevolve][3] in module controller is either unconnected or has no load
WARNING: [Synth 8-7129] Port game[gridevolve][2] in module controller is either unconnected or has no load
WARNING: [Synth 8-7129] Port game[gridevolve][1] in module controller is either unconnected or has no load
WARNING: [Synth 8-7129] Port game[gridevolve][0] in module controller is either unconnected or has no load
WARNING: [Synth 8-7129] Port game[generation][31] in module controller is either unconnected or has no load
WARNING: [Synth 8-7129] Port game[generation][30] in module controller is either unconnected or has no load
WARNING: [Synth 8-7129] Port game[generation][29] in module controller is either unconnected or has no load
WARNING: [Synth 8-7129] Port game[generation][28] in module controller is either unconnected or has no load
WARNING: [Synth 8-7129] Port game[generation][27] in module controller is either unconnected or has no load
WARNING: [Synth 8-7129] Port game[generation][26] in module controller is either unconnected or has no load
WARNING: [Synth 8-7129] Port game[generation][25] in module controller is either unconnected or has no load
WARNING: [Synth 8-7129] Port game[generation][24] in module controller is either unconnected or has no load
WARNING: [Synth 8-7129] Port game[generation][23] in module controller is either unconnected or has no load
WARNING: [Synth 8-7129] Port game[generation][22] in module controller is either unconnected or has no load
WARNING: [Synth 8-7129] Port game[generation][21] in module controller is either unconnected or has no load
WARNING: [Synth 8-7129] Port game[generation][20] in module controller is either unconnected or has no load
WARNING: [Synth 8-7129] Port game[generation][19] in module controller is either unconnected or has no load
WARNING: [Synth 8-7129] Port game[generation][18] in module controller is either unconnected or has no load
WARNING: [Synth 8-7129] Port game[generation][17] in module controller is either unconnected or has no load
WARNING: [Synth 8-7129] Port game[generation][16] in module controller is either unconnected or has no load
WARNING: [Synth 8-7129] Port game[generation][15] in module controller is either unconnected or has no load
WARNING: [Synth 8-7129] Port game[generation][14] in module controller is either unconnected or has no load
WARNING: [Synth 8-7129] Port game[generation][13] in module controller is either unconnected or has no load
WARNING: [Synth 8-7129] Port game[generation][12] in module controller is either unconnected or has no load
WARNING: [Synth 8-7129] Port game[generation][11] in module controller is either unconnected or has no load
WARNING: [Synth 8-7129] Port game[generation][10] in module controller is either unconnected or has no load
WARNING: [Synth 8-7129] Port game[generation][9] in module controller is either unconnected or has no load
WARNING: [Synth 8-7129] Port game[generation][8] in module controller is either unconnected or has no load
WARNING: [Synth 8-7129] Port game[generation][7] in module controller is either unconnected or has no load
WARNING: [Synth 8-7129] Port game[generation][6] in module controller is either unconnected or has no load
WARNING: [Synth 8-7129] Port game[generation][5] in module controller is either unconnected or has no load
WARNING: [Synth 8-7129] Port game[generation][4] in module controller is either unconnected or has no load
WARNING: [Synth 8-7129] Port game[generation][3] in module controller is either unconnected or has no load
WARNING: [Synth 8-7129] Port game[generation][2] in module controller is either unconnected or has no load
WARNING: [Synth 8-7129] Port game[generation][1] in module controller is either unconnected or has no load
INFO: [Common 17-14] Message 'Synth 8-7129' appears 100 times and further instances of the messages will be disabled. Use the Tcl command set_msg_config to change the current settings.
---------------------------------------------------------------------------------
Finished RTL Elaboration : Time (s): cpu = 00:00:10 ; elapsed = 00:00:10 . Memory (MB): peak = 1369.461 ; gain = 546.562
---------------------------------------------------------------------------------
---------------------------------------------------------------------------------
Start Handling Custom Attributes
---------------------------------------------------------------------------------
---------------------------------------------------------------------------------
Finished Handling Custom Attributes : Time (s): cpu = 00:00:10 ; elapsed = 00:00:10 . Memory (MB): peak = 1369.461 ; gain = 546.562
---------------------------------------------------------------------------------
---------------------------------------------------------------------------------
Finished RTL Optimization Phase 1 : Time (s): cpu = 00:00:10 ; elapsed = 00:00:10 . Memory (MB): peak = 1369.461 ; gain = 546.562
---------------------------------------------------------------------------------
Netlist sorting complete. Time (s): cpu = 00:00:00 ; elapsed = 00:00:00.159 . Memory (MB): peak = 1371.836 ; gain = 0.000
INFO: [Netlist 29-17] Analyzing 5 Unisim elements for replacement
INFO: [Netlist 29-28] Unisim Transformation completed in 0 CPU seconds
INFO: [Project 1-570] Preparing netlist for logic optimization

Processing XDC Constraints
Initializing timing engine
Parsing XDC File [C:/DLD/dldfall2022/Project/Vivado/Project/Project.srcs/constrs_1/new/constr.xdc]
WARNING: [Vivado 12-584] No ports matched 'hdmi_out_en'. [C:/DLD/dldfall2022/Project/Vivado/Project/Project.srcs/constrs_1/new/constr.xdc:87]
CRITICAL WARNING: [Common 17-55] 'set_property' expects at least one object. [C:/DLD/dldfall2022/Project/Vivado/Project/Project.srcs/constrs_1/new/constr.xdc:87]
Resolution: If [get_<value>] was used to populate the object, check to make sure this command returns at least one valid object.
Finished Parsing XDC File [C:/DLD/dldfall2022/Project/Vivado/Project/Project.srcs/constrs_1/new/constr.xdc]
INFO: [Project 1-236] Implementation specific constraints were found while reading constraint file [C:/DLD/dldfall2022/Project/Vivado/Project/Project.srcs/constrs_1/new/constr.xdc]. These constraints will be ignored for synthesis but will be used in implementation. Impacted constraints are listed in the file [.Xil/top_demo_propImpl.xdc].
Resolution: To avoid this warning, move constraints listed in [.Xil/top_demo_propImpl.xdc] to another XDC file and exclude this new file from synthesis with the used_in_synthesis property (File Properties dialog in GUI) and re-run elaboration/synthesis.
Completed Processing XDC Constraints

Netlist sorting complete. Time (s): cpu = 00:00:00 ; elapsed = 00:00:00.002 . Memory (MB): peak = 1467.945 ; gain = 0.000
INFO: [Project 1-111] Unisim Transformation Summary:
No Unisim elements were transformed.

Constraint Validation Runtime : Time (s): cpu = 00:00:00 ; elapsed = 00:00:00.017 . Memory (MB): peak = 1467.945 ; gain = 0.000
INFO: [Synth 8-11241] undeclared symbol 'REGCCE', assumed default net type 'wire' [C:/Xilinx/Vivado/2022.2/data/verilog/src/unimacro/BRAM_SINGLE_MACRO.v:2170]
---------------------------------------------------------------------------------
Finished Constraint Validation : Time (s): cpu = 00:00:21 ; elapsed = 00:00:21 . Memory (MB): peak = 1467.945 ; gain = 645.047
---------------------------------------------------------------------------------
---------------------------------------------------------------------------------
Start Loading Part and Timing Information
---------------------------------------------------------------------------------
Loading part: xc7z020clg484-1
---------------------------------------------------------------------------------
Finished Loading Part and Timing Information : Time (s): cpu = 00:00:21 ; elapsed = 00:00:21 . Memory (MB): peak = 1467.945 ; gain = 645.047
---------------------------------------------------------------------------------
---------------------------------------------------------------------------------
Start Applying 'set_property' XDC Constraints
---------------------------------------------------------------------------------
---------------------------------------------------------------------------------
Finished applying 'set_property' XDC Constraints : Time (s): cpu = 00:00:21 ; elapsed = 00:00:21 . Memory (MB): peak = 1467.945 ; gain = 645.047
---------------------------------------------------------------------------------
INFO: [Synth 8-802] inferred FSM for state register 'CURRENT_STATE_reg' in module 'segment_driver'
WARNING: [Synth 8-327] inferring latch for variable 'game_reg[grid]' [C:/DLD/dldfall2022/Project/Vivado/Project/Project.srcs/sources_1/new/gameoflife.sv:85]
WARNING: [Synth 8-327] inferring latch for variable 'game_reg[generation]' [C:/DLD/dldfall2022/Project/Vivado/Project/Project.srcs/sources_1/new/gameoflife.sv:85]
WARNING: [Synth 8-327] inferring latch for variable 'game_reg[lastgeneration]' [C:/DLD/dldfall2022/Project/Vivado/Project/Project.srcs/sources_1/new/gameoflife.sv:85]
WARNING: [Synth 8-327] inferring latch for variable 'game_reg[nextstate]' [C:/DLD/dldfall2022/Project/Vivado/Project/Project.srcs/sources_1/new/gameoflife.sv:85]
WARNING: [Synth 8-327] inferring latch for variable 'game_reg[updatesignal]' [C:/DLD/dldfall2022/Project/Vivado/Project/Project.srcs/sources_1/new/gameoflife.sv:85]
---------------------------------------------------------------------------------------------------
                   State |                     New Encoding |                Previous Encoding 
---------------------------------------------------------------------------------------------------
              DIGIT_ZERO |                               00 |                               00
               DIGIT_ONE |                               01 |                               01
               DIGIT_TWO |                               10 |                               10
             DIGIT_THREE |                               11 |                               11
---------------------------------------------------------------------------------------------------
INFO: [Synth 8-3354] encoded FSM with state register 'CURRENT_STATE_reg' using encoding 'sequential' in module 'segment_driver'
---------------------------------------------------------------------------------
Finished RTL Optimization Phase 2 : Time (s): cpu = 00:00:29 ; elapsed = 00:00:29 . Memory (MB): peak = 1467.945 ; gain = 645.047
---------------------------------------------------------------------------------
---------------------------------------------------------------------------------
Start RTL Component Statistics 
---------------------------------------------------------------------------------
Detailed RTL Component Info : 
+---Adders : 
	   4 Input   32 Bit       Adders := 2     
	   2 Input   32 Bit       Adders := 1     
	   2 Input   17 Bit       Adders := 1     
	   2 Input   11 Bit       Adders := 2     
	   2 Input   10 Bit       Adders := 1     
	   2 Input    8 Bit       Adders := 10    
	   2 Input    6 Bit       Adders := 1     
	   2 Input    5 Bit       Adders := 8     
	   4 Input    5 Bit       Adders := 6     
	   3 Input    5 Bit       Adders := 6     
	   8 Input    4 Bit       Adders := 42    
	   5 Input    4 Bit       Adders := 24    
	   3 Input    3 Bit       Adders := 4     
	   2 Input    2 Bit       Adders := 1     
+---XORs : 
	   2 Input      8 Bit         XORs := 18    
	   2 Input      1 Bit         XORs := 45    
+---XORs : 
	               27 Bit    Wide XORs := 8     
+---Registers : 
	               64 Bit    Registers := 1     
	               32 Bit    Registers := 2     
	               24 Bit    Registers := 26    
	               17 Bit    Registers := 1     
	               16 Bit    Registers := 2     
	               12 Bit    Registers := 1     
	               11 Bit    Registers := 2     
	               10 Bit    Registers := 4     
	                8 Bit    Registers := 7     
	                6 Bit    Registers := 2     
	                5 Bit    Registers := 4     
	                4 Bit    Registers := 1     
	                3 Bit    Registers := 1     
	                2 Bit    Registers := 4     
	                1 Bit    Registers := 20    
+---Muxes : 
	   2 Input   64 Bit        Muxes := 3     
	   4 Input   64 Bit        Muxes := 2     
	   2 Input   32 Bit        Muxes := 4     
	   4 Input   32 Bit        Muxes := 2     
	   2 Input   24 Bit        Muxes := 91    
	   4 Input   24 Bit        Muxes := 2     
	 146 Input   24 Bit        Muxes := 1     
	 136 Input   24 Bit        Muxes := 1     
	   3 Input   24 Bit        Muxes := 1     
	 134 Input   24 Bit        Muxes := 1     
	   2 Input   20 Bit        Muxes := 1     
	   2 Input   16 Bit        Muxes := 2     
	   4 Input   10 Bit        Muxes := 4     
	   2 Input   10 Bit        Muxes := 9     
	   5 Input   10 Bit        Muxes := 1     
	  21 Input   10 Bit        Muxes := 2     
	   2 Input    9 Bit        Muxes := 3     
	   5 Input    8 Bit        Muxes := 2     
	   2 Input    8 Bit        Muxes := 17    
	   4 Input    8 Bit        Muxes := 1     
	   2 Input    5 Bit        Muxes := 9     
	   4 Input    4 Bit        Muxes := 1     
	   2 Input    3 Bit        Muxes := 4     
	   5 Input    3 Bit        Muxes := 1     
	   2 Input    2 Bit        Muxes := 3     
	   4 Input    2 Bit        Muxes := 2     
	   2 Input    1 Bit        Muxes := 9     
	   5 Input    1 Bit        Muxes := 1     
	   6 Input    1 Bit        Muxes := 2     
	   4 Input    1 Bit        Muxes := 4     
---------------------------------------------------------------------------------
Finished RTL Component Statistics 
---------------------------------------------------------------------------------
---------------------------------------------------------------------------------
Start Part Resource Summary
---------------------------------------------------------------------------------
Part Resources:
DSPs: 220 (col length:60)
BRAMs: 280 (col length: RAMB18 60 RAMB36 30)
---------------------------------------------------------------------------------
Finished Part Resource Summary
---------------------------------------------------------------------------------
---------------------------------------------------------------------------------
Start Cross Boundary and Area Optimization
---------------------------------------------------------------------------------
WARNING: [Synth 8-7080] Parallel synthesis criteria is not met
---------------------------------------------------------------------------------
Finished Cross Boundary and Area Optimization : Time (s): cpu = 00:01:13 ; elapsed = 00:01:13 . Memory (MB): peak = 1467.945 ; gain = 645.047
---------------------------------------------------------------------------------
---------------------------------------------------------------------------------
Start Applying XDC Timing Constraints
---------------------------------------------------------------------------------
---------------------------------------------------------------------------------
Finished Applying XDC Timing Constraints : Time (s): cpu = 00:01:19 ; elapsed = 00:01:19 . Memory (MB): peak = 1467.945 ; gain = 645.047
---------------------------------------------------------------------------------
---------------------------------------------------------------------------------
Start Timing Optimization
---------------------------------------------------------------------------------
---------------------------------------------------------------------------------
Finished Timing Optimization : Time (s): cpu = 00:01:19 ; elapsed = 00:01:19 . Memory (MB): peak = 1467.945 ; gain = 645.047
---------------------------------------------------------------------------------
---------------------------------------------------------------------------------
Start Technology Mapping
---------------------------------------------------------------------------------
---------------------------------------------------------------------------------
Finished Technology Mapping : Time (s): cpu = 00:01:20 ; elapsed = 00:01:20 . Memory (MB): peak = 1467.945 ; gain = 645.047
---------------------------------------------------------------------------------
---------------------------------------------------------------------------------
Start IO Insertion
---------------------------------------------------------------------------------
---------------------------------------------------------------------------------
Start Flattening Before IO Insertion
---------------------------------------------------------------------------------
---------------------------------------------------------------------------------
Finished Flattening Before IO Insertion
---------------------------------------------------------------------------------
---------------------------------------------------------------------------------
Start Final Netlist Cleanup
---------------------------------------------------------------------------------
---------------------------------------------------------------------------------
Finished Final Netlist Cleanup
---------------------------------------------------------------------------------
---------------------------------------------------------------------------------
Finished IO Insertion : Time (s): cpu = 00:01:25 ; elapsed = 00:01:26 . Memory (MB): peak = 1467.945 ; gain = 645.047
---------------------------------------------------------------------------------
---------------------------------------------------------------------------------
Start Renaming Generated Instances
---------------------------------------------------------------------------------
---------------------------------------------------------------------------------
Finished Renaming Generated Instances : Time (s): cpu = 00:01:25 ; elapsed = 00:01:26 . Memory (MB): peak = 1467.945 ; gain = 645.047
---------------------------------------------------------------------------------
---------------------------------------------------------------------------------
Start Rebuilding User Hierarchy
---------------------------------------------------------------------------------
---------------------------------------------------------------------------------
Finished Rebuilding User Hierarchy : Time (s): cpu = 00:01:25 ; elapsed = 00:01:26 . Memory (MB): peak = 1467.945 ; gain = 645.047
---------------------------------------------------------------------------------
---------------------------------------------------------------------------------
Start Renaming Generated Ports
---------------------------------------------------------------------------------
---------------------------------------------------------------------------------
Finished Renaming Generated Ports : Time (s): cpu = 00:01:25 ; elapsed = 00:01:26 . Memory (MB): peak = 1467.945 ; gain = 645.047
---------------------------------------------------------------------------------
---------------------------------------------------------------------------------
Start Handling Custom Attributes
---------------------------------------------------------------------------------
---------------------------------------------------------------------------------
Finished Handling Custom Attributes : Time (s): cpu = 00:01:25 ; elapsed = 00:01:26 . Memory (MB): peak = 1467.945 ; gain = 645.047
---------------------------------------------------------------------------------
---------------------------------------------------------------------------------
Start Renaming Generated Nets
---------------------------------------------------------------------------------
---------------------------------------------------------------------------------
Finished Renaming Generated Nets : Time (s): cpu = 00:01:25 ; elapsed = 00:01:26 . Memory (MB): peak = 1467.945 ; gain = 645.047
---------------------------------------------------------------------------------
---------------------------------------------------------------------------------
Start Writing Synthesis Report
---------------------------------------------------------------------------------

Report BlackBoxes: 
+-+--------------+----------+
| |BlackBox name |Instances |
+-+--------------+----------+
+-+--------------+----------+

Report Cell Usage: 
+------+-----------+------+
|      |Cell       |Count |
+------+-----------+------+
|1     |BUFG       |     5|
|2     |CARRY4     |    37|
|3     |LUT1       |    13|
|4     |LUT2       |   206|
|5     |LUT3       |   223|
|6     |LUT4       |   134|
|7     |LUT5       |   266|
|8     |LUT6       |   494|
|9     |MMCME2_ADV |     1|
|10    |MUXF7      |     8|
|11    |MUXF8      |     1|
|12    |OSERDESE2  |     8|
|14    |FDRE       |   387|
|15    |FDSE       |     5|
|16    |LD         |    67|
|17    |IBUF       |    13|
|18    |OBUF       |    12|
|19    |OBUFDS     |     4|
|20    |OBUFT      |     8|
+------+-----------+------+
---------------------------------------------------------------------------------
Finished Writing Synthesis Report : Time (s): cpu = 00:01:25 ; elapsed = 00:01:26 . Memory (MB): peak = 1467.945 ; gain = 645.047
---------------------------------------------------------------------------------
Synthesis finished with 0 errors, 0 critical warnings and 19 warnings.
Synthesis Optimization Runtime : Time (s): cpu = 00:01:11 ; elapsed = 00:01:22 . Memory (MB): peak = 1467.945 ; gain = 546.562
Synthesis Optimization Complete : Time (s): cpu = 00:01:25 ; elapsed = 00:01:26 . Memory (MB): peak = 1467.945 ; gain = 645.047
INFO: [Project 1-571] Translating synthesized netlist
Netlist sorting complete. Time (s): cpu = 00:00:00 ; elapsed = 00:00:00.026 . Memory (MB): peak = 1467.945 ; gain = 0.000
INFO: [Netlist 29-17] Analyzing 118 Unisim elements for replacement
INFO: [Netlist 29-28] Unisim Transformation completed in 0 CPU seconds
INFO: [Project 1-570] Preparing netlist for logic optimization
INFO: [Opt 31-138] Pushed 0 inverter(s) to 0 load pin(s).
Netlist sorting complete. Time (s): cpu = 00:00:00 ; elapsed = 00:00:00 . Memory (MB): peak = 1467.945 ; gain = 0.000
INFO: [Project 1-111] Unisim Transformation Summary:
  A total of 67 instances were transformed.
  LD => LDCE: 67 instances

Synth Design complete, checksum: 39c08c75
INFO: [Common 17-83] Releasing license: Synthesis
94 Infos, 220 Warnings, 1 Critical Warnings and 0 Errors encountered.
synth_design completed successfully
synth_design: Time (s): cpu = 00:01:31 ; elapsed = 00:01:32 . Memory (MB): peak = 1467.945 ; gain = 1072.895
INFO: [runtcl-6] Synthesis results are not added to the cache due to CRITICAL_WARNING
INFO: [Common 17-1381] The checkpoint 'C:/DLD/dldfall2022/Project/Vivado/Project/Project.runs/synth_1/top_demo.dcp' has been generated.
INFO: [runtcl-4] Executing : report_utilization -file top_demo_utilization_synth.rpt -pb top_demo_utilization_synth.pb
INFO: [Common 17-206] Exiting Vivado at Thu Dec  8 17:18:21 2022...
